[debug] [2024-12-04T22:17:09.604Z] ----------------------------------------------------------------------
[debug] [2024-12-04T22:17:09.606Z] Command:       C:\Program Files\nodejs\node.exe C:\Users\manta\AppData\Roaming\npm\node_modules\firebase-tools\lib\bin\firebase.js emulators:start --only functions
[debug] [2024-12-04T22:17:09.606Z] CLI Version:   13.27.0
[debug] [2024-12-04T22:17:09.606Z] Platform:      win32
[debug] [2024-12-04T22:17:09.606Z] Node Version:  v22.12.0
[debug] [2024-12-04T22:17:09.606Z] Time:          Wed Dec 04 2024 17:17:09 GMT-0500 (Eastern Standard Time)
[debug] [2024-12-04T22:17:09.606Z] ----------------------------------------------------------------------
[debug] 
[debug] [2024-12-04T22:17:09.679Z] > command requires scopes: ["email","openid","https://www.googleapis.com/auth/cloudplatformprojects.readonly","https://www.googleapis.com/auth/firebase","https://www.googleapis.com/auth/cloud-platform"]
[debug] [2024-12-04T22:17:09.679Z] > authorizing via signed-in user (mantavyamahajan@gmail.com)
[info] i  emulators: Starting emulators: functions {"metadata":{"emulator":{"name":"hub"},"message":"Starting emulators: functions"}}
[debug] [2024-12-04T22:17:09.691Z] [logging] Logging Emulator only supports listening on one address (127.0.0.1). Not listening on ::1
[debug] [2024-12-04T22:17:09.691Z] assigned listening specs for emulators {"user":{"hub":[{"address":"127.0.0.1","family":"IPv4","port":4400},{"address":"::1","family":"IPv6","port":4400}],"ui":[{"address":"127.0.0.1","family":"IPv4","port":4000},{"address":"::1","family":"IPv6","port":4000}],"logging":[{"address":"127.0.0.1","family":"IPv4","port":4500}]},"metadata":{"message":"assigned listening specs for emulators"}}
[debug] [2024-12-04T22:17:09.699Z] [hub] writing locator at C:\Users\manta\AppData\Local\Temp\hub-meal-plan-optimizer.json
[debug] [2024-12-04T22:17:09.721Z] [functions] Functions Emulator only supports listening on one address (127.0.0.1). Not listening on ::1
[debug] [2024-12-04T22:17:09.721Z] [eventarc] Eventarc Emulator only supports listening on one address (127.0.0.1). Not listening on ::1
[debug] [2024-12-04T22:17:09.721Z] [tasks] Cloud Tasks Emulator only supports listening on one address (127.0.0.1). Not listening on ::1
[debug] [2024-12-04T22:17:09.721Z] late-assigned ports for functions and eventarc emulators {"user":{"hub":[{"address":"127.0.0.1","family":"IPv4","port":4400},{"address":"::1","family":"IPv6","port":4400}],"ui":[{"address":"127.0.0.1","family":"IPv4","port":4000},{"address":"::1","family":"IPv6","port":4000}],"logging":[{"address":"127.0.0.1","family":"IPv4","port":4500}],"functions":[{"address":"127.0.0.1","family":"IPv4","port":5001}],"eventarc":[{"address":"127.0.0.1","family":"IPv4","port":9299}],"tasks":[{"address":"127.0.0.1","family":"IPv4","port":9499}]},"metadata":{"message":"late-assigned ports for functions and eventarc emulators"}}
[warn] !  functions: The following emulators are not running, calls to these services from the Functions emulator will affect production: apphosting, auth, firestore, database, hosting, pubsub, storage, dataconnect {"metadata":{"emulator":{"name":"functions"},"message":"The following emulators are not running, calls to these services from the Functions emulator will affect production: \u001b[1mapphosting, auth, firestore, database, hosting, pubsub, storage, dataconnect\u001b[22m"}}
[debug] [2024-12-04T22:17:09.724Z] defaultcredentials: writing to file C:\Users\manta\AppData\Roaming\firebase\mantavyamahajan_gmail_com_application_default_credentials.json
[debug] [2024-12-04T22:17:09.727Z] Setting GAC to C:\Users\manta\AppData\Roaming\firebase\mantavyamahajan_gmail_com_application_default_credentials.json {"metadata":{"emulator":{"name":"functions"},"message":"Setting GAC to C:\\Users\\manta\\AppData\\Roaming\\firebase\\mantavyamahajan_gmail_com_application_default_credentials.json"}}
[debug] [2024-12-04T22:17:09.728Z] Checked if tokens are valid: true, expires at: 1733351643466
[debug] [2024-12-04T22:17:09.728Z] Checked if tokens are valid: true, expires at: 1733351643466
[debug] [2024-12-04T22:17:09.728Z] >>> [apiv2][query] GET https://firebase.googleapis.com/v1beta1/projects/meal-plan-optimizer/adminSdkConfig [none]
[debug] [2024-12-04T22:17:10.123Z] <<< [apiv2][status] GET https://firebase.googleapis.com/v1beta1/projects/meal-plan-optimizer/adminSdkConfig 200
[debug] [2024-12-04T22:17:10.124Z] <<< [apiv2][body] GET https://firebase.googleapis.com/v1beta1/projects/meal-plan-optimizer/adminSdkConfig {"projectId":"meal-plan-optimizer","storageBucket":"meal-plan-optimizer.firebasestorage.app"}
[info] i  functions: Watching "E:\Projects\meal-plan-optimizer\functions" for Cloud Functions... {"metadata":{"emulator":{"name":"functions"},"message":"Watching \"E:\\Projects\\meal-plan-optimizer\\functions\" for Cloud Functions..."}}
[debug] [2024-12-04T22:17:10.150Z] Validating nodejs source
[debug] [2024-12-04T22:17:11.182Z] > [functions] package.json contents: {
  "name": "functions",
  "scripts": {
    "build": "tsc",
    "serve": "npm run build && firebase emulators:start --only functions",
    "shell": "npm run build && firebase functions:shell",
    "start": "npm run shell",
    "deploy": "firebase deploy --only functions",
    "logs": "firebase functions:log"
  },
  "engines": {
    "node": "18"
  },
  "type": "module",
  "main": "lib/index.js",
  "dependencies": {
    "cors": "^2.8.5",
    "express": "^4.18.2",
    "firebase-admin": "^11.8.0",
    "firebase-functions": "^6.1.1",
    "puppeteer": "^21.11.0"
  },
  "devDependencies": {
    "@types/express": "^4.17.21",
    "@types/node": "^22.10.1",
    "@types/puppeteer": "^5.4.7",
    "firebase-functions-test": "^3.1.0",
    "ts-node": "^10.9.2",
    "typescript": "^5.7.2"
  },
  "private": true
}
[debug] [2024-12-04T22:17:11.182Z] Building nodejs source
[debug] [2024-12-04T22:17:11.183Z] Failed to find version of module node: reached end of search path E:\Projects\meal-plan-optimizer\functions\node_modules
[warn] !  functions: Your requested "node" version "18" doesn't match your global version "22". Using node@22 from host. 
[debug] [2024-12-04T22:17:11.187Z] Could not find functions.yaml. Must use http discovery
[debug] [2024-12-04T22:17:11.195Z] Found firebase-functions binary at 'E:\Projects\meal-plan-optimizer\functions\node_modules\.bin\firebase-functions'
[info] Serving at port 8322

[debug] [2024-12-04T22:17:11.977Z] Got response from /__/functions.yaml {"endpoints":{"api":{"availableMemoryMb":null,"timeoutSeconds":null,"minInstances":null,"maxInstances":null,"ingressSettings":null,"concurrency":null,"serviceAccountEmail":null,"vpc":null,"platform":"gcfv2","labels":{},"httpsTrigger":{},"entryPoint":"api"}},"specVersion":"v1alpha1","requiredAPIs":[],"extensions":{}}
[debug] [2024-12-04T22:17:14.755Z] [work-queue] {"queuedWork":["/meal-plan-optimizer/us-central1/api/login-2024-12-04T22:17:14.755Z"],"queueLength":1,"runningWork":[],"workRunningCount":0}
[debug] [2024-12-04T22:17:14.755Z] [work-queue] {"queuedWork":[],"queueLength":0,"runningWork":["/meal-plan-optimizer/us-central1/api/login-2024-12-04T22:17:14.755Z"],"workRunningCount":1}
[debug] [2024-12-04T22:17:14.758Z] [work-queue] {"queuedWork":[],"queueLength":0,"runningWork":[],"workRunningCount":0}
[info] +  functions: Loaded functions definitions from source: api. {"metadata":{"emulator":{"name":"functions"},"message":"Loaded functions definitions from source: api."}}
[info] +  functions[us-central1-api]: http function initialized (http://127.0.0.1:5001/meal-plan-optimizer/us-central1/api). {"metadata":{"emulator":{"name":"functions"},"message":"\u001b[1mhttp\u001b[22m function initialized (http://127.0.0.1:5001/meal-plan-optimizer/us-central1/api)."}}
[debug] [2024-12-04T22:17:16.057Z] Could not find VSCode notification endpoint: FetchError: request to http://localhost:40001/vscode/notify failed, reason: connect ECONNREFUSED ::1:40001. If you are not running the Firebase Data Connect VSCode extension, this is expected and not an issue.
[info] 
┌─────────────────────────────────────────────────────────────┐
│ ✔  All emulators ready! It is now safe to connect your app. │
│ i  View Emulator UI at http://127.0.0.1:4000/               │
└─────────────────────────────────────────────────────────────┘

┌───────────┬────────────────┬─────────────────────────────────┐
│ Emulator  │ Host:Port      │ View in Emulator UI             │
├───────────┼────────────────┼─────────────────────────────────┤
│ Functions │ 127.0.0.1:5001 │ http://127.0.0.1:4000/functions │
└───────────┴────────────────┴─────────────────────────────────┘
  Emulator Hub running at 127.0.0.1:4400
  Other reserved ports: 4500

Issues? Report them at https://github.com/firebase/firebase-tools/issues and attach the *-debug.log files.
 
[debug] [2024-12-04T22:17:24.906Z] [work-queue] {"queuedWork":["/meal-plan-optimizer/us-central1/api/login-2024-12-04T22:17:24.906Z"],"queueLength":1,"runningWork":[],"workRunningCount":0}
[debug] [2024-12-04T22:17:24.906Z] [work-queue] {"queuedWork":[],"queueLength":0,"runningWork":["/meal-plan-optimizer/us-central1/api/login-2024-12-04T22:17:24.906Z"],"workRunningCount":1}
[debug] [2024-12-04T22:17:24.906Z] Accepted request POST /meal-plan-optimizer/us-central1/api/login --> us-central1-api
[debug] [2024-12-04T22:17:24.909Z] [functions] Runtime ready! Sending request! {"metadata":{"emulator":{"name":"functions"},"message":"[functions] Runtime ready! Sending request!"}}
[debug] [2024-12-04T22:17:24.910Z] [functions] Got req.url=/meal-plan-optimizer/us-central1/api/login, mapping to path=/login {"metadata":{"emulator":{"name":"functions"},"message":"[functions] Got req.url=/meal-plan-optimizer/us-central1/api/login, mapping to path=/login"}}
[debug] [2024-12-04T22:17:24.936Z] [worker-pool] addWorker(us-central1-api) {"metadata":{"emulator":{"name":"functions"},"message":"[worker-pool] addWorker(us-central1-api)"}}
[debug] [2024-12-04T22:17:24.937Z] [worker-pool] Adding worker with key us-central1-api, total=1 {"metadata":{"emulator":{"name":"functions"},"message":"[worker-pool] Adding worker with key us-central1-api, total=1"}}
[info] >  (node:24880) [DEP0040] DeprecationWarning: The `punycode` module is deprecated. Please use a userland alternative instead. {"user":"(node:24880) [DEP0040] DeprecationWarning: The `punycode` module is deprecated. Please use a userland alternative instead.","metadata":{"emulator":{"name":"functions"},"function":{"name":"us-central1-api"},"extension":{},"message":"\u001b[90m> \u001b[39m (node:24880) [DEP0040] DeprecationWarning: The `punycode` module is deprecated. Please use a userland alternative instead."}}
[info] >  (Use `node --trace-deprecation ...` to show where the warning was created) {"user":"(Use `node --trace-deprecation ...` to show where the warning was created)","metadata":{"emulator":{"name":"functions"},"function":{"name":"us-central1-api"},"extension":{},"message":"\u001b[90m> \u001b[39m (Use `node --trace-deprecation ...` to show where the warning was created)"}}
[debug] [2024-12-04T22:17:26.161Z] [runtime-status] [24880] Resolved module firebase-admin {"declared":true,"installed":true,"version":"11.11.1","resolution":"E:\\Projects\\meal-plan-optimizer\\functions\\node_modules\\firebase-admin\\lib\\index.js"} {"metadata":{"emulator":{"name":"functions"},"function":{"name":"us-central1-api"},"extension":{},"message":"[runtime-status] [24880] Resolved module firebase-admin {\"declared\":true,\"installed\":true,\"version\":\"11.11.1\",\"resolution\":\"E:\\\\Projects\\\\meal-plan-optimizer\\\\functions\\\\node_modules\\\\firebase-admin\\\\lib\\\\index.js\"}"}}
[debug] [2024-12-04T22:17:26.163Z] [runtime-status] [24880] Resolved module firebase-functions {"declared":true,"installed":true,"version":"6.1.1","resolution":"E:\\Projects\\meal-plan-optimizer\\functions\\node_modules\\firebase-functions\\lib\\v2\\index.js"} {"metadata":{"emulator":{"name":"functions"},"function":{"name":"us-central1-api"},"extension":{},"message":"[runtime-status] [24880] Resolved module firebase-functions {\"declared\":true,\"installed\":true,\"version\":\"6.1.1\",\"resolution\":\"E:\\\\Projects\\\\meal-plan-optimizer\\\\functions\\\\node_modules\\\\firebase-functions\\\\lib\\\\v2\\\\index.js\"}"}}
[debug] [2024-12-04T22:17:26.163Z] [runtime-status] [24880] Outgoing network have been stubbed. [{"name":"http","status":"mocked"},{"name":"http","status":"mocked"},{"name":"https","status":"mocked"},{"name":"https","status":"mocked"},{"name":"net","status":"mocked"}] {"metadata":{"emulator":{"name":"functions"},"function":{"name":"us-central1-api"},"extension":{},"message":"[runtime-status] [24880] Outgoing network have been stubbed. [{\"name\":\"http\",\"status\":\"mocked\"},{\"name\":\"http\",\"status\":\"mocked\"},{\"name\":\"https\",\"status\":\"mocked\"},{\"name\":\"https\",\"status\":\"mocked\"},{\"name\":\"net\",\"status\":\"mocked\"}]"}}
[debug] [2024-12-04T22:17:26.164Z] [runtime-status] [24880] Resolved module firebase-functions {"declared":true,"installed":true,"version":"6.1.1","resolution":"E:\\Projects\\meal-plan-optimizer\\functions\\node_modules\\firebase-functions\\lib\\v2\\index.js"} {"metadata":{"emulator":{"name":"functions"},"function":{"name":"us-central1-api"},"extension":{},"message":"[runtime-status] [24880] Resolved module firebase-functions {\"declared\":true,\"installed\":true,\"version\":\"6.1.1\",\"resolution\":\"E:\\\\Projects\\\\meal-plan-optimizer\\\\functions\\\\node_modules\\\\firebase-functions\\\\lib\\\\v2\\\\index.js\"}"}}
[debug] [2024-12-04T22:17:26.384Z] [runtime-status] [24880] Checked functions.config() {"config":{}} {"metadata":{"emulator":{"name":"functions"},"function":{"name":"us-central1-api"},"extension":{},"message":"[runtime-status] [24880] Checked functions.config() {\"config\":{}}"}}
[debug] [2024-12-04T22:17:26.385Z] [runtime-status] [24880] firebase-functions has been stubbed. {"functionsResolution":{"declared":true,"installed":true,"version":"6.1.1","resolution":"E:\\Projects\\meal-plan-optimizer\\functions\\node_modules\\firebase-functions\\lib\\v2\\index.js"}} {"metadata":{"emulator":{"name":"functions"},"function":{"name":"us-central1-api"},"extension":{},"message":"[runtime-status] [24880] firebase-functions has been stubbed. {\"functionsResolution\":{\"declared\":true,\"installed\":true,\"version\":\"6.1.1\",\"resolution\":\"E:\\\\Projects\\\\meal-plan-optimizer\\\\functions\\\\node_modules\\\\firebase-functions\\\\lib\\\\v2\\\\index.js\"}}"}}
[debug] [2024-12-04T22:17:26.385Z] [runtime-status] [24880] Resolved module firebase-functions {"declared":true,"installed":true,"version":"6.1.1","resolution":"E:\\Projects\\meal-plan-optimizer\\functions\\node_modules\\firebase-functions\\lib\\v2\\index.js"} {"metadata":{"emulator":{"name":"functions"},"function":{"name":"us-central1-api"},"extension":{},"message":"[runtime-status] [24880] Resolved module firebase-functions {\"declared\":true,\"installed\":true,\"version\":\"6.1.1\",\"resolution\":\"E:\\\\Projects\\\\meal-plan-optimizer\\\\functions\\\\node_modules\\\\firebase-functions\\\\lib\\\\v2\\\\index.js\"}"}}
[debug] [2024-12-04T22:17:26.389Z] [runtime-status] [24880] Resolved module firebase-admin {"declared":true,"installed":true,"version":"11.11.1","resolution":"E:\\Projects\\meal-plan-optimizer\\functions\\node_modules\\firebase-admin\\lib\\index.js"} {"metadata":{"emulator":{"name":"functions"},"function":{"name":"us-central1-api"},"extension":{},"message":"[runtime-status] [24880] Resolved module firebase-admin {\"declared\":true,\"installed\":true,\"version\":\"11.11.1\",\"resolution\":\"E:\\\\Projects\\\\meal-plan-optimizer\\\\functions\\\\node_modules\\\\firebase-admin\\\\lib\\\\index.js\"}"}}
[debug] [2024-12-04T22:17:26.393Z] [runtime-status] [24880] Resolved module firebase-functions {"declared":true,"installed":true,"version":"6.1.1","resolution":"E:\\Projects\\meal-plan-optimizer\\functions\\node_modules\\firebase-functions\\lib\\v2\\index.js"} {"metadata":{"emulator":{"name":"functions"},"function":{"name":"us-central1-api"},"extension":{},"message":"[runtime-status] [24880] Resolved module firebase-functions {\"declared\":true,\"installed\":true,\"version\":\"6.1.1\",\"resolution\":\"E:\\\\Projects\\\\meal-plan-optimizer\\\\functions\\\\node_modules\\\\firebase-functions\\\\lib\\\\v2\\\\index.js\"}"}}
[debug] [2024-12-04T22:17:26.393Z] [runtime-status] [24880] firebase-admin has been stubbed. {"adminResolution":{"declared":true,"installed":true,"version":"11.11.1","resolution":"E:\\Projects\\meal-plan-optimizer\\functions\\node_modules\\firebase-admin\\lib\\index.js"}} {"metadata":{"emulator":{"name":"functions"},"function":{"name":"us-central1-api"},"extension":{},"message":"[runtime-status] [24880] firebase-admin has been stubbed. {\"adminResolution\":{\"declared\":true,\"installed\":true,\"version\":\"11.11.1\",\"resolution\":\"E:\\\\Projects\\\\meal-plan-optimizer\\\\functions\\\\node_modules\\\\firebase-admin\\\\lib\\\\index.js\"}}"}}
[debug] [2024-12-04T22:17:26.781Z] [runtime-status] [24880] Functions runtime initialized. {"cwd":"E:\\Projects\\meal-plan-optimizer\\functions","node_version":"22.12.0"} {"metadata":{"emulator":{"name":"functions"},"function":{"name":"us-central1-api"},"extension":{},"message":"[runtime-status] [24880] Functions runtime initialized. {\"cwd\":\"E:\\\\Projects\\\\meal-plan-optimizer\\\\functions\",\"node_version\":\"22.12.0\"}"}}
[debug] [2024-12-04T22:17:26.781Z] [runtime-status] [24880] Listening to port: \\?\pipe\fire_emu_9b74c89e259d32c3 {"metadata":{"emulator":{"name":"functions"},"function":{"name":"us-central1-api"},"extension":{},"message":"[runtime-status] [24880] Listening to port: \\\\?\\pipe\\fire_emu_9b74c89e259d32c3"}}
[debug] [2024-12-04T22:17:26.898Z] [worker-us-central1-api-01fbaa61-62b8-47f6-aacd-af7b5881207d]: IDLE {"metadata":{"emulator":{"name":"functions"},"function":{"name":"us-central1-api"},"extension":{},"message":"[worker-us-central1-api-01fbaa61-62b8-47f6-aacd-af7b5881207d]: IDLE"}}
[debug] [2024-12-04T22:17:26.898Z] [worker-pool] submitRequest(triggerId=us-central1-api) {"metadata":{"emulator":{"name":"functions"},"message":"[worker-pool] submitRequest(triggerId=us-central1-api)"}}
[info] i  functions: Beginning execution of "us-central1-api" {"metadata":{"emulator":{"name":"functions"},"function":{"name":"us-central1-api"},"extension":{},"message":"Beginning execution of \"us-central1-api\""}}
[debug] [2024-12-04T22:17:26.900Z] [worker-us-central1-api-01fbaa61-62b8-47f6-aacd-af7b5881207d]: BUSY {"metadata":{"emulator":{"name":"functions"},"function":{"name":"us-central1-api"},"extension":{},"message":"[worker-us-central1-api-01fbaa61-62b8-47f6-aacd-af7b5881207d]: BUSY"}}
[info] >  Starting login process for: mbm6898@psu.edu {"user":"Starting login process for: mbm6898@psu.edu","metadata":{"emulator":{"name":"functions"},"function":{"name":"us-central1-api"},"extension":{},"message":"\u001b[90m> \u001b[39m Starting login process for: mbm6898@psu.edu"}}
[debug] [2024-12-04T22:17:40.333Z] Finishing up request with event=pause {"metadata":{"emulator":{"name":"functions"},"function":{"name":"us-central1-api"},"extension":{},"message":"Finishing up request with event=pause"}}
[info] i  functions: Finished "us-central1-api" in 13433.4408ms {"metadata":{"emulator":{"name":"functions"},"function":{"name":"us-central1-api"},"extension":{},"message":"Finished \"us-central1-api\" in 13433.4408ms"}}
[debug] [2024-12-04T22:17:40.334Z] [worker-us-central1-api-01fbaa61-62b8-47f6-aacd-af7b5881207d]: IDLE {"metadata":{"emulator":{"name":"functions"},"function":{"name":"us-central1-api"},"extension":{},"message":"[worker-us-central1-api-01fbaa61-62b8-47f6-aacd-af7b5881207d]: IDLE"}}
[debug] [2024-12-04T22:17:40.334Z] Finishing up request with event=finish {"metadata":{"emulator":{"name":"functions"},"function":{"name":"us-central1-api"},"extension":{},"message":"Finishing up request with event=finish"}}
[debug] [2024-12-04T22:17:40.334Z] Finishing up request with event=close {"metadata":{"emulator":{"name":"functions"},"function":{"name":"us-central1-api"},"extension":{},"message":"Finishing up request with event=close"}}
[debug] [2024-12-04T22:17:40.334Z] [work-queue] {"queuedWork":[],"queueLength":0,"runningWork":[],"workRunningCount":0}
[debug] [2024-12-04T22:18:05.623Z] [work-queue] {"queuedWork":["/meal-plan-optimizer/us-central1/api/login-2024-12-04T22:18:05.622Z"],"queueLength":1,"runningWork":[],"workRunningCount":0}
[debug] [2024-12-04T22:18:05.623Z] [work-queue] {"queuedWork":[],"queueLength":0,"runningWork":["/meal-plan-optimizer/us-central1/api/login-2024-12-04T22:18:05.622Z"],"workRunningCount":1}
[debug] [2024-12-04T22:18:05.623Z] Accepted request POST /meal-plan-optimizer/us-central1/api/login --> us-central1-api
[debug] [2024-12-04T22:18:05.627Z] [functions] Runtime ready! Sending request! {"metadata":{"emulator":{"name":"functions"},"message":"[functions] Runtime ready! Sending request!"}}
[debug] [2024-12-04T22:18:05.627Z] [functions] Got req.url=/meal-plan-optimizer/us-central1/api/login, mapping to path=/login {"metadata":{"emulator":{"name":"functions"},"message":"[functions] Got req.url=/meal-plan-optimizer/us-central1/api/login, mapping to path=/login"}}
[debug] [2024-12-04T22:18:05.627Z] [worker-pool] submitRequest(triggerId=us-central1-api) {"metadata":{"emulator":{"name":"functions"},"message":"[worker-pool] submitRequest(triggerId=us-central1-api)"}}
[info] i  functions: Beginning execution of "us-central1-api" {"metadata":{"emulator":{"name":"functions"},"function":{"name":"us-central1-api"},"extension":{},"message":"Beginning execution of \"us-central1-api\""}}
[debug] [2024-12-04T22:18:05.628Z] [worker-us-central1-api-01fbaa61-62b8-47f6-aacd-af7b5881207d]: BUSY {"metadata":{"emulator":{"name":"functions"},"function":{"name":"us-central1-api"},"extension":{},"message":"[worker-us-central1-api-01fbaa61-62b8-47f6-aacd-af7b5881207d]: BUSY"}}
[info] >  Starting login process for: mbm6898@psu.edu {"user":"Starting login process for: mbm6898@psu.edu","metadata":{"emulator":{"name":"functions"},"function":{"name":"us-central1-api"},"extension":{},"message":"\u001b[90m> \u001b[39m Starting login process for: mbm6898@psu.edu"}}
[debug] [2024-12-04T22:18:51.140Z] Finishing up request with event=pause {"metadata":{"emulator":{"name":"functions"},"function":{"name":"us-central1-api"},"extension":{},"message":"Finishing up request with event=pause"}}
[info] i  functions: Finished "us-central1-api" in 45512.1993ms {"metadata":{"emulator":{"name":"functions"},"function":{"name":"us-central1-api"},"extension":{},"message":"Finished \"us-central1-api\" in 45512.1993ms"}}
[debug] [2024-12-04T22:18:51.141Z] [worker-us-central1-api-01fbaa61-62b8-47f6-aacd-af7b5881207d]: IDLE {"metadata":{"emulator":{"name":"functions"},"function":{"name":"us-central1-api"},"extension":{},"message":"[worker-us-central1-api-01fbaa61-62b8-47f6-aacd-af7b5881207d]: IDLE"}}
[debug] [2024-12-04T22:18:51.141Z] Finishing up request with event=finish {"metadata":{"emulator":{"name":"functions"},"function":{"name":"us-central1-api"},"extension":{},"message":"Finishing up request with event=finish"}}
[debug] [2024-12-04T22:18:51.141Z] Finishing up request with event=close {"metadata":{"emulator":{"name":"functions"},"function":{"name":"us-central1-api"},"extension":{},"message":"Finishing up request with event=close"}}
[debug] [2024-12-04T22:18:51.141Z] [work-queue] {"queuedWork":[],"queueLength":0,"runningWork":[],"workRunningCount":0}
[debug] [2024-12-04T22:19:09.235Z] [work-queue] {"queuedWork":["/meal-plan-optimizer/us-central1/api/login-2024-12-04T22:19:09.235Z"],"queueLength":1,"runningWork":[],"workRunningCount":0}
[debug] [2024-12-04T22:19:09.235Z] [work-queue] {"queuedWork":[],"queueLength":0,"runningWork":["/meal-plan-optimizer/us-central1/api/login-2024-12-04T22:19:09.235Z"],"workRunningCount":1}
[debug] [2024-12-04T22:19:09.235Z] Accepted request POST /meal-plan-optimizer/us-central1/api/login --> us-central1-api
[debug] [2024-12-04T22:19:09.238Z] [functions] Runtime ready! Sending request! {"metadata":{"emulator":{"name":"functions"},"message":"[functions] Runtime ready! Sending request!"}}
[debug] [2024-12-04T22:19:09.239Z] [functions] Got req.url=/meal-plan-optimizer/us-central1/api/login, mapping to path=/login {"metadata":{"emulator":{"name":"functions"},"message":"[functions] Got req.url=/meal-plan-optimizer/us-central1/api/login, mapping to path=/login"}}
[debug] [2024-12-04T22:19:09.239Z] [worker-pool] submitRequest(triggerId=us-central1-api) {"metadata":{"emulator":{"name":"functions"},"message":"[worker-pool] submitRequest(triggerId=us-central1-api)"}}
[info] i  functions: Beginning execution of "us-central1-api" {"metadata":{"emulator":{"name":"functions"},"function":{"name":"us-central1-api"},"extension":{},"message":"Beginning execution of \"us-central1-api\""}}
[debug] [2024-12-04T22:19:09.240Z] [worker-us-central1-api-01fbaa61-62b8-47f6-aacd-af7b5881207d]: BUSY {"metadata":{"emulator":{"name":"functions"},"function":{"name":"us-central1-api"},"extension":{},"message":"[worker-us-central1-api-01fbaa61-62b8-47f6-aacd-af7b5881207d]: BUSY"}}
[info] >  Starting login process for: mbm6898@psu.edu {"user":"Starting login process for: mbm6898@psu.edu","metadata":{"emulator":{"name":"functions"},"function":{"name":"us-central1-api"},"extension":{},"message":"\u001b[90m> \u001b[39m Starting login process for: mbm6898@psu.edu"}}
[debug] [2024-12-04T22:19:31.619Z] Finishing up request with event=pause {"metadata":{"emulator":{"name":"functions"},"function":{"name":"us-central1-api"},"extension":{},"message":"Finishing up request with event=pause"}}
[info] i  functions: Finished "us-central1-api" in 22379.4203ms {"metadata":{"emulator":{"name":"functions"},"function":{"name":"us-central1-api"},"extension":{},"message":"Finished \"us-central1-api\" in 22379.4203ms"}}
[debug] [2024-12-04T22:19:31.620Z] [worker-us-central1-api-01fbaa61-62b8-47f6-aacd-af7b5881207d]: IDLE {"metadata":{"emulator":{"name":"functions"},"function":{"name":"us-central1-api"},"extension":{},"message":"[worker-us-central1-api-01fbaa61-62b8-47f6-aacd-af7b5881207d]: IDLE"}}
[debug] [2024-12-04T22:19:31.620Z] Finishing up request with event=finish {"metadata":{"emulator":{"name":"functions"},"function":{"name":"us-central1-api"},"extension":{},"message":"Finishing up request with event=finish"}}
[debug] [2024-12-04T22:19:31.620Z] Finishing up request with event=close {"metadata":{"emulator":{"name":"functions"},"function":{"name":"us-central1-api"},"extension":{},"message":"Finishing up request with event=close"}}
[debug] [2024-12-04T22:19:31.620Z] [work-queue] {"queuedWork":[],"queueLength":0,"runningWork":[],"workRunningCount":0}
